1
2
2 abort
3
3 commit
1 abort
4
4 abort
5
5 abort
6
6 abort
7
345 abort
12345 abort
12345 abort
12345 abort
12345 abort
12345 abort
12345 abort
12345 abort
12345 abort
12345 voted
12345 abort
12345 voted
12345 abort
12345 voted
12345 abort
12345 voted
12345 abort
12345 voted
7 abort
12346
12346 abort
12347
12347 abort
12348
12349
12345 voted
12345 abort
12345 voted
12345 abort
12345 voted
12345 abort
12345 voted
12345 abort
12345 voted
12345 abort
12345 voted
12345 abort
12345 voted
12345 abort
12345 voted
12345 abort
12345 voted
12345 abort
12345 voted
12348 abort
12349 abort
12345 abort
12345 voted
12345 abort
12345 voted
